- ==================================================================================================
- ====================================================================================================
- =======================================================================================================================================
- ========================================================================================================================================
- [INFO] -Sun Nov 16 22:11:02 UTC 2025- Python virtual environment does not exist... Creating one now
- [INFO] -Sun Nov 16 22:11:02 UTC 2025- Python virtual Environment created and activated sucessfully
- ==================================================================================================
- ====================================================================================================
- =======================================================================================================================================
- ========================================================================================================================================
- [INFO] -Sun Nov 16 22:12:53 UTC 2025- Python virtual environment does not exist... Creating one now
- [INFO] -Sun Nov 16 22:12:58 UTC 2025- Python virtual Environment created and activated sucessfully
- [INFO] -Sun Nov 16 22:13:05 UTC 2025- The latest version of pip
- ==================================================================================================
- ====================================================================================================
- =======================================================================================================================================
- ========================================================================================================================================
- [INFO] -Sun Nov 16 22:18:29 UTC 2025- Python environment exists, activating immediately
- [INFO] -Sun Nov 16 22:18:32 UTC 2025- The latest version of pip
- [WARNING] -Sun Nov 16 22:18:32 UTC 2025- .gitignore file already exist, skipping creation.
- [WARNING] -Sun Nov 16 22:18:33 UTC 2025- Pandas is not installed, Installing pandas now
- [INFO] -Sun Nov 16 22:18:57 UTC 2025- Pandas installation complete
- [WARNING] -Sun Nov 16 22:18:57 UTC 2025- Requests package not found, installing one now
- [INFO] -Sun Nov 16 22:19:04 UTC 2025- Requests Package successfully Installed
- [INFO] -Sun Nov 16 22:19:04 UTC 2025- Environment Ready- SET UP DONE
